info: This is OpenGeoSys-6 version 6.5.4-223-gf4e7b6e6.dirty.
info: OGS started on 2025-04-08 15:26:45+0200.
warning: OMP_NUM_THREADS is not set, falling back to: 8
info: Eigen use 8 threads
info: Reading project file /home/meisel/o/s/Tests/Data/Parabolic/HT/HeatTransportInStationaryFlow/HeatTransportInStationaryFlow.prj.
info: Project configuration from file '/home/meisel/o/s/Tests/Data/Parabolic/HT/HeatTransportInStationaryFlow/HeatTransportInStationaryFlow.prj' read.
debug: Reading multiple meshes.
debug: Reading mesh file '/home/meisel/o/s/Tests/Data/Parabolic/HT/HeatTransportInStationaryFlow/mesh.vtu'.
debug: Reading mesh file '/home/meisel/o/s/Tests/Data/Parabolic/HT/HeatTransportInStationaryFlow/geometry_left.vtu'.
debug: Reading mesh file '/home/meisel/o/s/Tests/Data/Parabolic/HT/HeatTransportInStationaryFlow/geometry_right.vtu'.
debug: Reading mesh file '/home/meisel/o/s/Tests/Data/Parabolic/HT/HeatTransportInStationaryFlow/geometry_top.vtu'.
debug: Reading mesh file '/home/meisel/o/s/Tests/Data/Parabolic/HT/HeatTransportInStationaryFlow/geometry_bottom.vtu'.
debug: The search length for mesh 'mesh' is 1.000000e-09.
info: readRasters ...
info: readRasters done
debug: Reading parameters:
info: ConstantParameter: T0
debug: Using value 0 for constant parameter.
info: ConstantParameter: P0
debug: Using value 100000 for constant parameter.
info: ConstantParameter: p_left
debug: Using value 101000 for constant parameter.
info: ConstantParameter: p_right
debug: Using value 100000 for constant parameter.
info: ConstantParameter: T_left
debug: Using value 1 for constant parameter.
debug: Parse process variables:
debug: Found parameter `T0'.
debug: Constructing process variable temperature
debug: Found mesh 'geometry_left' with id 1.
info: No source terms for process variable 'temperature' found.
debug: Found parameter `P0'.
debug: Constructing process variable pressure
debug: Found mesh 'geometry_left' with id 1.
debug: Found mesh 'geometry_right' with id 2.
info: No source terms for process variable 'pressure' found.
debug: Reading media:
debug: Create Constant property specific_heat_capacity.
debug: Create Constant property thermal_conductivity.
debug: Create Constant property density.
debug: Create Constant property viscosity.
debug: Create Constant property storage.
debug: Create Constant property density.
debug: Create Constant property thermal_conductivity.
debug: Create Constant property specific_heat_capacity.
debug: Create Constant property thermal_longitudinal_dispersivity.
debug: Create Constant property thermal_transversal_dispersivity.
debug: Create Constant property permeability.
debug: Create Constant property porosity.
debug: Create effective thermal_conductivity property from porosity mixing thermal_conductivity.
debug: Reading linear solver configuration.
debug: Reading processes:
debug: Create HTProcess.
debug: Found process variable 'temperature' for config tag <temperature>.
debug: Found process variable 'pressure' for config tag <pressure>.
debug: Check the media properties of HT process ...
debug: Media properties verified.
debug: Found parameter `constant_one'.
debug: Reading non-linear solver configuration.
debug: Reading time loop configuration.
debug: adding output variable `temperature'
debug: adding output variable `pressure'
debug: adding output variable `velocity'
debug: Default implementation of initializeSubmeshAssembly(). Doing nothing.
warning: Request for output at times 50000, 500000, 5000000, but simulation's end time is 1000. Output will be skipped.
info: Initialize processes.
debug: Initialize process.
debug: Construct dof mappings.
debug: Compute sparsity pattern
debug: Initialize the extrapolator
debug: Create local assemblers.
debug: Create local assemblers.
debug: Calling local assembler builder for all mesh elements.
debug: Initialize boundary conditions.
debug: Constructing DirichletBoundaryCondition from config.
debug: Using parameter T_left
debug: Found parameter `T_left'.
debug: Found 4 nodes for Dirichlet BCs for the variable 0 and component 0
debug: Construct reduced local to global index map.
debug: Constructing DirichletBoundaryCondition from config.
debug: Using parameter p_left
debug: Found parameter `p_left'.
debug: Found 4 nodes for Dirichlet BCs for the variable 1 and component 0
debug: Construct reduced local to global index map.
debug: Constructing DirichletBoundaryCondition from config.
debug: Using parameter p_right
debug: Found parameter `p_right'.
debug: Found 4 nodes for Dirichlet BCs for the variable 1 and component 0
debug: Construct reduced local to global index map.
info: Time stepping at step #0 and time 0 started.
debug: Set the initial condition of variable temperature of process 0.
debug: Set the initial condition of variable pressure of process 0.
debug: Process output data.
debug:   process variable temperature
debug:   process variable pressure
debug:   secondary variable darcy_velocity
debug: Computing new singular value decomposition
debug: Writing output to 'HeatTransportInStationaryFlow_ts_0_t_0.000000.vtu'.
info: [time] Output of timestep 0 took 0.0226894 s.
info: Time step #0 took TODO.
info: Solve processes.
info: Time stepping at step #1 and time 1000 with step size 1000 started.
info: Solving process #0 started.
info: Iteration #1 started.
debug: Assemble HTProcess.
info: [time] Assembly took 0.0698024 s.
info: [time] Applying Dirichlet BCs took 0.00132077 s.
info: ------------------------------------------------------------------
info: *** Eigen solver compute()
info: -> compute with Eigen iterative linear solver BiCGSTAB (precon ILUT)
debug: -> restart is not implemented for this linear solver.
debug: -> setL() is not implemented for this linear solver.
debug: -> setS() is not implemented for this linear solver.
debug: -> setSmoothing() is not implemented for this linear solver.
debug: -> setAngle() is not implemented for this linear solver.
debug: -> setResidualUpdate() is not implemented for this linear solver.
info: ------------------------------------------------------------------
info: *** Eigen solver solve()
info: -> solve with Eigen iterative linear solver BiCGSTAB (precon ILUT)
info: 	 iteration: 1/10000
info: 	 residual: 3.133737e-32

info: [time] Linear solver took 0.0132816 s.
info: Convergence criterion, component 0: |dx|=2.6647e+00, |x|=2.6647e+00, |dx|/|x|=1.0000e+00
info: Convergence criterion, component 1: |dx|=7.3496e+03, |x|=1.2712e+06, |dx|/|x|=5.7815e-03
info: [time] Iteration #1 took 0.0816688 s.
info: Iteration #2 started.
debug: Assemble HTProcess.
info: [time] Assembly took 0.0661737 s.
info: [time] Applying Dirichlet BCs took 0.000964859 s.
info: ------------------------------------------------------------------
info: *** Eigen solver compute()
info: -> compute with Eigen iterative linear solver BiCGSTAB (precon ILUT)
debug: -> restart is not implemented for this linear solver.
debug: -> setL() is not implemented for this linear solver.
debug: -> setS() is not implemented for this linear solver.
debug: -> setSmoothing() is not implemented for this linear solver.
debug: -> setAngle() is not implemented for this linear solver.
debug: -> setResidualUpdate() is not implemented for this linear solver.
info: ------------------------------------------------------------------
info: *** Eigen solver solve()
info: -> solve with Eigen iterative linear solver BiCGSTAB (precon ILUT)
info: 	 iteration: 1/10000
info: 	 residual: 2.489567e-32

info: [time] Linear solver took 0.0112827 s.
info: Convergence criterion, component 0: |dx|=1.3244e+00, |x|=2.0490e+00, |dx|/|x|=6.4637e-01
info: Convergence criterion, component 1: |dx|=1.8307e-09, |x|=1.2712e+06, |dx|/|x|=1.4401e-15
info: [time] Iteration #2 took 0.078901 s.
info: Iteration #3 started.
debug: Assemble HTProcess.
info: [time] Assembly took 0.074296 s.
info: [time] Applying Dirichlet BCs took 0.000992898 s.
info: ------------------------------------------------------------------
info: *** Eigen solver compute()
info: -> compute with Eigen iterative linear solver BiCGSTAB (precon ILUT)
debug: -> restart is not implemented for this linear solver.
debug: -> setL() is not implemented for this linear solver.
debug: -> setS() is not implemented for this linear solver.
debug: -> setSmoothing() is not implemented for this linear solver.
debug: -> setAngle() is not implemented for this linear solver.
debug: -> setResidualUpdate() is not implemented for this linear solver.
info: ------------------------------------------------------------------
info: *** Eigen solver solve()
info: -> solve with Eigen iterative linear solver BiCGSTAB (precon ILUT)
info: 	 iteration: 1/10000
info: 	 residual: 5.450235e-45

info: [time] Linear solver took 0.013895 s.
info: Convergence criterion, component 0: |dx|=2.4925e-13, |x|=2.0490e+00, |dx|/|x|=1.2165e-13
info: Convergence criterion, component 1: |dx|=1.7697e-09, |x|=1.2712e+06, |dx|/|x|=1.3921e-15
info: [time] Iteration #3 took 0.0897735 s.
info: [time] Solving process #0 took 0.250644 s in time step #1
info: [time] Time step #1 took 0.250837 s.
info: The whole computation of the time stepping took 1 steps, in which
	 the accepted steps are 1, and the rejected steps are 0.

debug: Process output data.
debug:   process variable temperature
debug:   process variable pressure
debug:   secondary variable darcy_velocity
debug: Writing output to 'HeatTransportInStationaryFlow_ts_1_t_1000.000000.vtu'.
info: [time] Output of timestep 1 took 0.018296 s.
info: [time] Execution took 0.351776 s.
debug: Property is used: 'property 'thermal_transversal_dispersivity' defined for medium 0'
debug: Property is used: 'property 'thermal_longitudinal_dispersivity' defined for medium 0'
warning: Property is not used: 'property 'thermal_conductivity' defined for medium 0'
debug: Property is used: 'property 'porosity' defined for medium 0'
debug: Property is used: 'property 'permeability' defined for medium 0'
debug: Property is used: 'property 'viscosity' defined for phase 'AqueousLiquid''
debug: Property is used: 'property 'thermal_conductivity' defined for phase 'AqueousLiquid''
debug: Property is used: 'property 'specific_heat_capacity' defined for phase 'AqueousLiquid''
debug: Property is used: 'property 'density' defined for phase 'AqueousLiquid''
debug: Property is used: 'property 'thermal_conductivity' defined for phase 'Solid''
debug: Property is used: 'property 'storage' defined for phase 'Solid''
debug: Property is used: 'property 'specific_heat_capacity' defined for phase 'Solid''
debug: Property is used: 'property 'density' defined for phase 'Solid''
info: Simulation completed on 2025-04-08 15:08:55+0200.
